# JRE version: Java(TM) SE Runtime Environment (7.0_40-b43) (build 1.7.0_40-b43)
# Java VM: Java HotSpot(TM) 64-Bit Server VM (24.0-b56 mixed mode windows-amd64 compressed oops)
Heap
 PSYoungGen      total 216064K, used 51178K [0x00000000eaa80000, 0x00000000fc680000, 0x0000000100000000)
  eden space 148480K, 0% used [0x00000000eaa80000,0x00000000eaa80078,0x00000000f3b80000)
  from space 67584K, 75% used [0x00000000f8380000,0x00000000fb57aa80,0x00000000fc580000)
  to   space 71168K, 0% used [0x00000000f3b80000,0x00000000f3b80000,0x00000000f8100000)
 ParOldGen       total 141824K, used 124321K [0x00000000c0000000, 0x00000000c8a80000, 0x00000000eaa80000)
  object space 141824K, 87% used [0x00000000c0000000,0x00000000c79685d8,0x00000000c8a80000)
 PSPermGen       total 132096K, used 116265K [0x00000000b0000000, 0x00000000b8100000, 0x00000000c0000000)
  object space 132096K, 88% used [0x00000000b0000000,0x00000000b718a7b0,0x00000000b8100000)
GC Heap History (10 events):
Event: 1408.679 GC heap after
Heap after GC invocations=30 (full 6):
 PSYoungGen      total 222208K, used 34675K [0x00000000eaa80000, 0x00000000fbe00000, 0x0000000100000000)
  eden space 174592K, 0% used [0x00000000eaa80000,0x00000000eaa80000,0x00000000f5500000)
  from space 47616K, 72% used [0x00000000f8f80000,0x00000000fb15cdc8,0x00000000fbe00000)
  to   space 53760K, 0% used [0x00000000f5500000,0x00000000f5500000,0x00000000f8980000)
 ParOldGen       total 141824K, used 108966K [0x00000000c0000000, 0x00000000c8a80000, 0x00000000eaa80000)
  object space 141824K, 76% used [0x00000000c0000000,0x00000000c6a69be8,0x00000000c8a80000)
 PSPermGen       total 132096K, used 100591K [0x00000000b0000000, 0x00000000b8100000, 0x00000000c0000000)
  object space 132096K, 76% used [0x00000000b0000000,0x00000000b623bc70,0x00000000b8100000)
}
Event: 1410.426 GC heap before
{Heap before GC invocations=31 (full 6):
 PSYoungGen      total 222208K, used 209267K [0x00000000eaa80000, 0x00000000fbe00000, 0x0000000100000000)
  eden space 174592K, 100% used [0x00000000eaa80000,0x00000000f5500000,0x00000000f5500000)
  from space 47616K, 72% used [0x00000000f8f80000,0x00000000fb15cdc8,0x00000000fbe00000)
  to   space 53760K, 0% used [0x00000000f5500000,0x00000000f5500000,0x00000000f8980000)
 ParOldGen       total 141824K, used 108966K [0x00000000c0000000, 0x00000000c8a80000, 0x00000000eaa80000)
  object space 141824K, 76% used [0x00000000c0000000,0x00000000c6a69be8,0x00000000c8a80000)
 PSPermGen       total 132096K, used 107234K [0x00000000b0000000, 0x00000000b8100000, 0x00000000c0000000)
  object space 132096K, 81% used [0x00000000b0000000,0x00000000b68b8970,0x00000000b8100000)
Event: 1410.449 GC heap after
Heap after GC invocations=31 (full 6):
 PSYoungGen      total 210432K, used 42794K [0x00000000eaa80000, 0x00000000fbd00000, 0x0000000100000000)
  eden space 167424K, 0% used [0x00000000eaa80000,0x00000000eaa80000,0x00000000f4e00000)
  from space 43008K, 99% used [0x00000000f5500000,0x00000000f7eca890,0x00000000f7f00000)
  to   space 56832K, 0% used [0x00000000f8580000,0x00000000f8580000,0x00000000fbd00000)
 ParOldGen       total 141824K, used 108966K [0x00000000c0000000, 0x00000000c8a80000, 0x00000000eaa80000)
  object space 141824K, 76% used [0x00000000c0000000,0x00000000c6a69be8,0x00000000c8a80000)
 PSPermGen       total 132096K, used 107234K [0x00000000b0000000, 0x00000000b8100000, 0x00000000c0000000)
  object space 132096K, 81% used [0x00000000b0000000,0x00000000b68b8970,0x00000000b8100000)
}
Event: 1430.154 GC heap before
{Heap before GC invocations=32 (full 6):
 PSYoungGen      total 210432K, used 210218K [0x00000000eaa80000, 0x00000000fbd00000, 0x0000000100000000)
  eden space 167424K, 100% used [0x00000000eaa80000,0x00000000f4e00000,0x00000000f4e00000)
  from space 43008K, 99% used [0x00000000f5500000,0x00000000f7eca890,0x00000000f7f00000)
  to   space 56832K, 0% used [0x00000000f8580000,0x00000000f8580000,0x00000000fbd00000)
 ParOldGen       total 141824K, used 108966K [0x00000000c0000000, 0x00000000c8a80000, 0x00000000eaa80000)
  object space 141824K, 76% used [0x00000000c0000000,0x00000000c6a69be8,0x00000000c8a80000)
 PSPermGen       total 132096K, used 108177K [0x00000000b0000000, 0x00000000b8100000, 0x00000000c0000000)
  object space 132096K, 81% used [0x00000000b0000000,0x00000000b69a4490,0x00000000b8100000)
Event: 1430.181 GC heap after
Heap after GC invocations=32 (full 6):
 PSYoungGen      total 217600K, used 50354K [0x00000000eaa80000, 0x00000000fc180000, 0x0000000100000000)
  eden space 160768K, 0% used [0x00000000eaa80000,0x00000000eaa80000,0x00000000f4780000)
  from space 56832K, 88% used [0x00000000f8580000,0x00000000fb6acab8,0x00000000fbd00000)
  to   space 62464K, 0% used [0x00000000f4780000,0x00000000f4780000,0x00000000f8480000)
 ParOldGen       total 141824K, used 108966K [0x00000000c0000000, 0x00000000c8a80000, 0x00000000eaa80000)
  object space 141824K, 76% used [0x00000000c0000000,0x00000000c6a69be8,0x00000000c8a80000)
 PSPermGen       total 132096K, used 108177K [0x00000000b0000000, 0x00000000b8100000, 0x00000000c0000000)
  object space 132096K, 81% used [0x00000000b0000000,0x00000000b69a4490,0x00000000b8100000)
}
Event: 1435.217 GC heap before
{Heap before GC invocations=33 (full 6):
 PSYoungGen      total 217600K, used 211122K [0x00000000eaa80000, 0x00000000fc180000, 0x0000000100000000)
  eden space 160768K, 100% used [0x00000000eaa80000,0x00000000f4780000,0x00000000f4780000)
  from space 56832K, 88% used [0x00000000f8580000,0x00000000fb6acab8,0x00000000fbd00000)
  to   space 62464K, 0% used [0x00000000f4780000,0x00000000f4780000,0x00000000f8480000)
 ParOldGen       total 141824K, used 108966K [0x00000000c0000000, 0x00000000c8a80000, 0x00000000eaa80000)
  object space 141824K, 76% used [0x00000000c0000000,0x00000000c6a69be8,0x00000000c8a80000)
 PSPermGen       total 132096K, used 113156K [0x00000000b0000000, 0x00000000b8100000, 0x00000000c0000000)
  object space 132096K, 85% used [0x00000000b0000000,0x00000000b6e81270,0x00000000b8100000)
Event: 1435.249 GC heap after
Heap after GC invocations=33 (full 6):
 PSYoungGen      total 207360K, used 52720K [0x00000000eaa80000, 0x00000000fc580000, 0x0000000100000000)
  eden space 154624K, 0% used [0x00000000eaa80000,0x00000000eaa80000,0x00000000f4180000)
  from space 52736K, 99% used [0x00000000f4780000,0x00000000f7afc3a8,0x00000000f7b00000)
  to   space 67584K, 0% used [0x00000000f8380000,0x00000000f8380000,0x00000000fc580000)
 ParOldGen       total 141824K, used 108966K [0x00000000c0000000, 0x00000000c8a80000, 0x00000000eaa80000)
  object space 141824K, 76% used [0x00000000c0000000,0x00000000c6a69be8,0x00000000c8a80000)
 PSPermGen       total 132096K, used 113156K [0x00000000b0000000, 0x00000000b8100000, 0x00000000c0000000)
  object space 132096K, 85% used [0x00000000b0000000,0x00000000b6e81270,0x00000000b8100000)
}
Event: 1465.497 GC heap before
{Heap before GC invocations=34 (full 6):
 PSYoungGen      total 207360K, used 207344K [0x00000000eaa80000, 0x00000000fc580000, 0x0000000100000000)
  eden space 154624K, 100% used [0x00000000eaa80000,0x00000000f4180000,0x00000000f4180000)
  from space 52736K, 99% used [0x00000000f4780000,0x00000000f7afc3a8,0x00000000f7b00000)
  to   space 67584K, 0% used [0x00000000f8380000,0x00000000f8380000,0x00000000fc580000)
 ParOldGen       total 141824K, used 108966K [0x00000000c0000000, 0x00000000c8a80000, 0x00000000eaa80000)
  object space 141824K, 76% used [0x00000000c0000000,0x00000000c6a69be8,0x00000000c8a80000)
 PSPermGen       total 132096K, used 116265K [0x00000000b0000000, 0x00000000b8100000, 0x00000000c0000000)
  object space 132096K, 88% used [0x00000000b0000000,0x00000000b718a7b0,0x00000000b8100000)
Event: 1465.533 GC heap after
Heap after GC invocations=34 (full 6):
 PSYoungGen      total 216064K, used 51178K [0x00000000eaa80000, 0x00000000fc680000, 0x0000000100000000)
  eden space 148480K, 0% used [0x00000000eaa80000,0x00000000eaa80000,0x00000000f3b80000)
  from space 67584K, 75% used [0x00000000f8380000,0x00000000fb57aa80,0x00000000fc580000)
  to   space 71168K, 0% used [0x00000000f3b80000,0x00000000f3b80000,0x00000000f8100000)
 ParOldGen       total 141824K, used 124321K [0x00000000c0000000, 0x00000000c8a80000, 0x00000000eaa80000)
  object space 141824K, 87% used [0x00000000c0000000,0x00000000c79685d8,0x00000000c8a80000)
 PSPermGen       total 132096K, used 116265K [0x00000000b0000000, 0x00000000b8100000, 0x00000000c0000000)
  object space 132096K, 88% used [0x00000000b0000000,0x00000000b718a7b0,0x00000000b8100000)
}
Event: 1465.533 GC heap before
{Heap before GC invocations=35 (full 7):
 PSYoungGen      total 216064K, used 51178K [0x00000000eaa80000, 0x00000000fc680000, 0x0000000100000000)
  eden space 148480K, 0% used [0x00000000eaa80000,0x00000000eaa80000,0x00000000f3b80000)
  from space 67584K, 75% used [0x00000000f8380000,0x00000000fb57aa80,0x00000000fc580000)
  to   space 71168K, 0% used [0x00000000f3b80000,0x00000000f3b80000,0x00000000f8100000)
 ParOldGen       total 141824K, used 124321K [0x00000000c0000000, 0x00000000c8a80000, 0x00000000eaa80000)
  object space 141824K, 87% used [0x00000000c0000000,0x00000000c79685d8,0x00000000c8a80000)
 PSPermGen       total 132096K, used 116265K [0x00000000b0000000, 0x00000000b8100000, 0x00000000c0000000)
  object space 132096K, 88% used [0x00000000b0000000,0x00000000b718a7b0,0x00000000b8100000)

