# JRE version: Java(TM) SE Runtime Environment (7.0_40-b43) (build 1.7.0_40-b43)
# Java VM: Java HotSpot(TM) 64-Bit Server VM (24.0-b56 mixed mode windows-amd64 compressed oops)
Heap
 PSYoungGen      total 233472K, used 185344K [0x00000000eaa80000, 0x00000000fc180000, 0x0000000100000000)
  eden space 185344K, 100% used [0x00000000eaa80000,0x00000000f5f80000,0x00000000f5f80000)
  from space 48128K, 0% used [0x00000000f9280000,0x00000000f9280000,0x00000000fc180000)
  to   space 50176K, 0% used [0x00000000f5f80000,0x00000000f5f80000,0x00000000f9080000)
 ParOldGen       total 141824K, used 113355K [0x00000000c0000000, 0x00000000c8a80000, 0x00000000eaa80000)
  object space 141824K, 79% used [0x00000000c0000000,0x00000000c6eb2ed0,0x00000000c8a80000)
 PSPermGen       total 133632K, used 111642K [0x00000000b0000000, 0x00000000b8280000, 0x00000000c0000000)
  object space 133632K, 83% used [0x00000000b0000000,0x00000000b6d06a58,0x00000000b8280000)
GC Heap History (10 events):
Event: 6441.877 GC heap after
Heap after GC invocations=32 (full 9):
 PSYoungGen      total 206336K, used 0K [0x00000000eaa80000, 0x00000000fd980000, 0x0000000100000000)
  eden space 201728K, 0% used [0x00000000eaa80000,0x00000000eaa80000,0x00000000f6f80000)
  from space 4608K, 0% used [0x00000000f6f80000,0x00000000f6f80000,0x00000000f7400000)
  to   space 54272K, 0% used [0x00000000fa480000,0x00000000fa480000,0x00000000fd980000)
 ParOldGen       total 141824K, used 74350K [0x00000000c0000000, 0x00000000c8a80000, 0x00000000eaa80000)
  object space 141824K, 52% used [0x00000000c0000000,0x00000000c489b840,0x00000000c8a80000)
 PSPermGen       total 118784K, used 90068K [0x00000000b0000000, 0x00000000b7400000, 0x00000000c0000000)
  object space 118784K, 75% used [0x00000000b0000000,0x00000000b57f5110,0x00000000b7400000)
}
Event: 6525.894 GC heap before
{Heap before GC invocations=33 (full 9):
 PSYoungGen      total 206336K, used 201728K [0x00000000eaa80000, 0x00000000fd980000, 0x0000000100000000)
  eden space 201728K, 100% used [0x00000000eaa80000,0x00000000f6f80000,0x00000000f6f80000)
  from space 4608K, 0% used [0x00000000f6f80000,0x00000000f6f80000,0x00000000f7400000)
  to   space 54272K, 0% used [0x00000000fa480000,0x00000000fa480000,0x00000000fd980000)
 ParOldGen       total 141824K, used 74350K [0x00000000c0000000, 0x00000000c8a80000, 0x00000000eaa80000)
  object space 141824K, 52% used [0x00000000c0000000,0x00000000c489b840,0x00000000c8a80000)
 PSPermGen       total 118784K, used 96623K [0x00000000b0000000, 0x00000000b7400000, 0x00000000c0000000)
  object space 118784K, 81% used [0x00000000b0000000,0x00000000b5e5bd58,0x00000000b7400000)
Event: 6525.914 GC heap after
Heap after GC invocations=33 (full 9):
 PSYoungGen      total 240640K, used 28227K [0x00000000eaa80000, 0x00000000fd280000, 0x0000000100000000)
  eden space 193536K, 0% used [0x00000000eaa80000,0x00000000eaa80000,0x00000000f6780000)
  from space 47104K, 59% used [0x00000000fa480000,0x00000000fc010fe0,0x00000000fd280000)
  to   space 54784K, 0% used [0x00000000f6780000,0x00000000f6780000,0x00000000f9d00000)
 ParOldGen       total 141824K, used 74350K [0x00000000c0000000, 0x00000000c8a80000, 0x00000000eaa80000)
  object space 141824K, 52% used [0x00000000c0000000,0x00000000c489b840,0x00000000c8a80000)
 PSPermGen       total 118784K, used 96623K [0x00000000b0000000, 0x00000000b7400000, 0x00000000c0000000)
  object space 118784K, 81% used [0x00000000b0000000,0x00000000b5e5bd58,0x00000000b7400000)
}
Event: 6571.434 GC heap before
{Heap before GC invocations=34 (full 9):
 PSYoungGen      total 240640K, used 221763K [0x00000000eaa80000, 0x00000000fd280000, 0x0000000100000000)
  eden space 193536K, 100% used [0x00000000eaa80000,0x00000000f6780000,0x00000000f6780000)
  from space 47104K, 59% used [0x00000000fa480000,0x00000000fc010fe0,0x00000000fd280000)
  to   space 54784K, 0% used [0x00000000f6780000,0x00000000f6780000,0x00000000f9d00000)
 ParOldGen       total 141824K, used 74350K [0x00000000c0000000, 0x00000000c8a80000, 0x00000000eaa80000)
  object space 141824K, 52% used [0x00000000c0000000,0x00000000c489b840,0x00000000c8a80000)
 PSPermGen       total 118784K, used 101890K [0x00000000b0000000, 0x00000000b7400000, 0x00000000c0000000)
  object space 118784K, 85% used [0x00000000b0000000,0x00000000b6380af0,0x00000000b7400000)
Event: 6571.457 GC heap after
Heap after GC invocations=34 (full 9):
 PSYoungGen      total 206848K, used 21091K [0x00000000eaa80000, 0x00000000fc580000, 0x0000000100000000)
  eden space 185344K, 0% used [0x00000000eaa80000,0x00000000eaa80000,0x00000000f5f80000)
  from space 21504K, 98% used [0x00000000f6780000,0x00000000f7c18fc8,0x00000000f7c80000)
  to   space 52224K, 0% used [0x00000000f9280000,0x00000000f9280000,0x00000000fc580000)
 ParOldGen       total 141824K, used 90688K [0x00000000c0000000, 0x00000000c8a80000, 0x00000000eaa80000)
  object space 141824K, 63% used [0x00000000c0000000,0x00000000c58901f0,0x00000000c8a80000)
 PSPermGen       total 118784K, used 101890K [0x00000000b0000000, 0x00000000b7400000, 0x00000000c0000000)
  object space 118784K, 85% used [0x00000000b0000000,0x00000000b6380af0,0x00000000b7400000)
}
Event: 6575.229 GC heap before
{Heap before GC invocations=35 (full 9):
 PSYoungGen      total 206848K, used 193099K [0x00000000eaa80000, 0x00000000fc580000, 0x0000000100000000)
  eden space 185344K, 92% used [0x00000000eaa80000,0x00000000f5279c40,0x00000000f5f80000)
  from space 21504K, 98% used [0x00000000f6780000,0x00000000f7c18fc8,0x00000000f7c80000)
  to   space 52224K, 0% used [0x00000000f9280000,0x00000000f9280000,0x00000000fc580000)
 ParOldGen       total 141824K, used 90688K [0x00000000c0000000, 0x00000000c8a80000, 0x00000000eaa80000)
  object space 141824K, 63% used [0x00000000c0000000,0x00000000c58901f0,0x00000000c8a80000)
 PSPermGen       total 118784K, used 105231K [0x00000000b0000000, 0x00000000b7400000, 0x00000000c0000000)
  object space 118784K, 88% used [0x00000000b0000000,0x00000000b66c3c78,0x00000000b7400000)
Event: 6575.263 GC heap after
Heap after GC invocations=35 (full 9):
 PSYoungGen      total 233472K, used 11198K [0x00000000eaa80000, 0x00000000fc180000, 0x0000000100000000)
  eden space 185344K, 0% used [0x00000000eaa80000,0x00000000eaa80000,0x00000000f5f80000)
  from space 48128K, 23% used [0x00000000f9280000,0x00000000f9d6f978,0x00000000fc180000)
  to   space 50176K, 0% used [0x00000000f5f80000,0x00000000f5f80000,0x00000000f9080000)
 ParOldGen       total 141824K, used 104489K [0x00000000c0000000, 0x00000000c8a80000, 0x00000000eaa80000)
  object space 141824K, 73% used [0x00000000c0000000,0x00000000c660a538,0x00000000c8a80000)
 PSPermGen       total 118784K, used 105231K [0x00000000b0000000, 0x00000000b7400000, 0x00000000c0000000)
  object space 118784K, 88% used [0x00000000b0000000,0x00000000b66c3c78,0x00000000b7400000)
}
Event: 6575.263 GC heap before
{Heap before GC invocations=36 (full 10):
 PSYoungGen      total 233472K, used 11198K [0x00000000eaa80000, 0x00000000fc180000, 0x0000000100000000)
  eden space 185344K, 0% used [0x00000000eaa80000,0x00000000eaa80000,0x00000000f5f80000)
  from space 48128K, 23% used [0x00000000f9280000,0x00000000f9d6f978,0x00000000fc180000)
  to   space 50176K, 0% used [0x00000000f5f80000,0x00000000f5f80000,0x00000000f9080000)
 ParOldGen       total 141824K, used 104489K [0x00000000c0000000, 0x00000000c8a80000, 0x00000000eaa80000)
  object space 141824K, 73% used [0x00000000c0000000,0x00000000c660a538,0x00000000c8a80000)
 PSPermGen       total 118784K, used 105231K [0x00000000b0000000, 0x00000000b7400000, 0x00000000c0000000)
  object space 118784K, 88% used [0x00000000b0000000,0x00000000b66c3c78,0x00000000b7400000)
Event: 6575.941 GC heap after
Heap after GC invocations=36 (full 10):
 PSYoungGen      total 233472K, used 0K [0x00000000eaa80000, 0x00000000fc180000, 0x0000000100000000)
  eden space 185344K, 0% used [0x00000000eaa80000,0x00000000eaa80000,0x00000000f5f80000)
  from space 48128K, 0% used [0x00000000f9280000,0x00000000f9280000,0x00000000fc180000)
  to   space 50176K, 0% used [0x00000000f5f80000,0x00000000f5f80000,0x00000000f9080000)
 ParOldGen       total 141824K, used 113355K [0x00000000c0000000, 0x00000000c8a80000, 0x00000000eaa80000)
  object space 141824K, 79% used [0x00000000c0000000,0x00000000c6eb2ed0,0x00000000c8a80000)
 PSPermGen       total 133632K, used 105223K [0x00000000b0000000, 0x00000000b8280000, 0x00000000c0000000)
  object space 133632K, 78% used [0x00000000b0000000,0x00000000b66c1c58,0x00000000b8280000)
}
Event: 6660.924 GC heap before
{Heap before GC invocations=37 (full 11):
 PSYoungGen      total 233472K, used 185344K [0x00000000eaa80000, 0x00000000fc180000, 0x0000000100000000)
  eden space 185344K, 100% used [0x00000000eaa80000,0x00000000f5f80000,0x00000000f5f80000)
  from space 48128K, 0% used [0x00000000f9280000,0x00000000f9280000,0x00000000fc180000)
  to   space 50176K, 0% used [0x00000000f5f80000,0x00000000f5f80000,0x00000000f9080000)
 ParOldGen       total 141824K, used 113355K [0x00000000c0000000, 0x00000000c8a80000, 0x00000000eaa80000)
  object space 141824K, 79% used [0x00000000c0000000,0x00000000c6eb2ed0,0x00000000c8a80000)
 PSPermGen       total 133632K, used 111642K [0x00000000b0000000, 0x00000000b8280000, 0x00000000c0000000)
  object space 133632K, 83% used [0x00000000b0000000,0x00000000b6d06a58,0x00000000b8280000)

